<?xml version="1.0" encoding="UTF-8"?>
<robot generator="Robot 5.0 (Python 3.9.6 on darwin)" generated="20250505 14:31:19.775" rpa="false" schemaversion="3">
<suite id="s1" name="Demoblaze" source="/Users/devicefarm/PycharmProjects/damoblaze/Test/demoblaze.robot">
<test id="s1-t1" name="Login_Demoblaze" line="20">
<kw name="Login Demoblaze">
<arg>${web_browser}</arg>
<arg>${username_data}</arg>
<arg>${password_data}</arg>
<kw name="Open Demoblaze">
<arg>${browser}</arg>
<kw name="Open Browser" library="SeleniumLibrary">
<arg>${URL}</arg>
<arg>${browser}</arg>
<doc>Opens a new browser instance to the optional ``url``.</doc>
<msg timestamp="20250505 14:31:19.842" level="INFO">Opening browser 'chrome' to base url 'https://www.demoblaze.com/'.</msg>
<status status="PASS" starttime="20250505 14:31:19.842" endtime="20250505 14:31:23.594"/>
</kw>
<status status="PASS" starttime="20250505 14:31:19.842" endtime="20250505 14:31:23.595"/>
</kw>
<kw name="Fill Login Form">
<arg>${username}</arg>
<arg>${password}</arg>
<kw name="Common - Click Element">
<arg>${btn_login}</arg>
<arg>${timeout}</arg>
<kw name="Wait Until Element Is Visible" library="SeleniumLibrary">
<arg>${element}</arg>
<arg>${timeout}</arg>
<doc>Waits until the element ``locator`` is visible.</doc>
<status status="PASS" starttime="20250505 14:31:23.595" endtime="20250505 14:31:23.608"/>
</kw>
<kw name="Click Element" library="SeleniumLibrary">
<arg>${element}</arg>
<doc>Click the element identified by ``locator``.</doc>
<msg timestamp="20250505 14:31:23.609" level="INFO">Clicking element 'id=login2'.</msg>
<status status="PASS" starttime="20250505 14:31:23.609" endtime="20250505 14:31:23.639"/>
</kw>
<status status="PASS" starttime="20250505 14:31:23.595" endtime="20250505 14:31:23.639"/>
</kw>
<kw name="Common - Input Text">
<arg>${input_username}</arg>
<arg>${username}</arg>
<arg>${timeout}</arg>
<kw name="Wait Until Element Is Visible" library="SeleniumLibrary">
<arg>${element}</arg>
<arg>${timeout}</arg>
<doc>Waits until the element ``locator`` is visible.</doc>
<status status="PASS" starttime="20250505 14:31:23.639" endtime="20250505 14:31:23.875"/>
</kw>
<kw name="Clear Element Text" library="SeleniumLibrary">
<arg>${element}</arg>
<doc>Clears the value of the text-input-element identified by ``locator``.</doc>
<status status="PASS" starttime="20250505 14:31:23.875" endtime="20250505 14:31:23.895"/>
</kw>
<kw name="Input Text" library="SeleniumLibrary">
<arg>${element}</arg>
<arg>${text}</arg>
<doc>Types the given ``text`` into the text field identified by ``locator``.</doc>
<msg timestamp="20250505 14:31:23.895" level="INFO">Typing text 'admin' into text field 'id=loginusername'.</msg>
<status status="PASS" starttime="20250505 14:31:23.895" endtime="20250505 14:31:23.974"/>
</kw>
<status status="PASS" starttime="20250505 14:31:23.639" endtime="20250505 14:31:23.974"/>
</kw>
<kw name="Common - Input Text">
<arg>${input_password}</arg>
<arg>${password}</arg>
<arg>${timeout}</arg>
<kw name="Wait Until Element Is Visible" library="SeleniumLibrary">
<arg>${element}</arg>
<arg>${timeout}</arg>
<doc>Waits until the element ``locator`` is visible.</doc>
<status status="PASS" starttime="20250505 14:31:23.975" endtime="20250505 14:31:23.983"/>
</kw>
<kw name="Clear Element Text" library="SeleniumLibrary">
<arg>${element}</arg>
<doc>Clears the value of the text-input-element identified by ``locator``.</doc>
<status status="PASS" starttime="20250505 14:31:23.983" endtime="20250505 14:31:23.995"/>
</kw>
<kw name="Input Text" library="SeleniumLibrary">
<arg>${element}</arg>
<arg>${text}</arg>
<doc>Types the given ``text`` into the text field identified by ``locator``.</doc>
<msg timestamp="20250505 14:31:23.995" level="INFO">Typing text 'admin' into text field 'id=loginpassword'.</msg>
<status status="PASS" starttime="20250505 14:31:23.995" endtime="20250505 14:31:24.021"/>
</kw>
<status status="PASS" starttime="20250505 14:31:23.974" endtime="20250505 14:31:24.021"/>
</kw>
<status status="PASS" starttime="20250505 14:31:23.595" endtime="20250505 14:31:24.021"/>
</kw>
<kw name="Submit Login Form">
<kw name="Common - Click Element">
<arg>${btn_login_in_form}</arg>
<arg>${timeout}</arg>
<kw name="Wait Until Element Is Visible" library="SeleniumLibrary">
<arg>${element}</arg>
<arg>${timeout}</arg>
<doc>Waits until the element ``locator`` is visible.</doc>
<status status="PASS" starttime="20250505 14:31:24.022" endtime="20250505 14:31:24.030"/>
</kw>
<kw name="Click Element" library="SeleniumLibrary">
<arg>${element}</arg>
<doc>Click the element identified by ``locator``.</doc>
<msg timestamp="20250505 14:31:24.030" level="INFO">Clicking element 'xpath=//button[text()='Log in']'.</msg>
<status status="PASS" starttime="20250505 14:31:24.030" endtime="20250505 14:31:24.055"/>
</kw>
<status status="PASS" starttime="20250505 14:31:24.022" endtime="20250505 14:31:24.055"/>
</kw>
<status status="PASS" starttime="20250505 14:31:24.021" endtime="20250505 14:31:24.055"/>
</kw>
<kw name="Verify Login Success">
<kw name="Wait Until Element Is Visible" library="SeleniumLibrary">
<arg>${txt_wellcome_admin}</arg>
<arg>${timeout}</arg>
<doc>Waits until the element ``locator`` is visible.</doc>
<kw name="Capture Page Screenshot" library="SeleniumLibrary">
<doc>Takes a screenshot of the current page and embeds it into a log file.</doc>
<msg timestamp="20250505 14:31:34.220" level="INFO" html="true">&lt;/td&gt;&lt;/tr&gt;&lt;tr&gt;&lt;td colspan="3"&gt;&lt;a href="selenium-screenshot-1.png"&gt;&lt;img src="selenium-screenshot-1.png" width="800px"&gt;&lt;/a&gt;</msg>
<status status="PASS" starttime="20250505 14:31:34.118" endtime="20250505 14:31:34.220"/>
</kw>
<msg timestamp="20250505 14:31:34.221" level="FAIL">Element 'xpath=//a[text()='Welcome admin']' not visible after 10 seconds.</msg>
<status status="FAIL" starttime="20250505 14:31:24.055" endtime="20250505 14:31:34.224"/>
</kw>
<status status="FAIL" starttime="20250505 14:31:24.055" endtime="20250505 14:31:34.224"/>
</kw>
<status status="FAIL" starttime="20250505 14:31:19.842" endtime="20250505 14:31:34.224"/>
</kw>
<kw name="Close Browser" library="SeleniumLibrary" type="TEARDOWN">
<doc>Closes the current browser.</doc>
<status status="PASS" starttime="20250505 14:31:34.225" endtime="20250505 14:31:34.295"/>
</kw>
<tag>login</tag>
<status status="FAIL" starttime="20250505 14:31:19.841" endtime="20250505 14:31:34.295">Element 'xpath=//a[text()='Welcome admin']' not visible after 10 seconds.</status>
</test>
<status status="FAIL" starttime="20250505 14:31:19.775" endtime="20250505 14:31:34.295"/>
</suite>
<statistics>
<total>
<stat pass="0" fail="1" skip="0">All Tests</stat>
</total>
<tag>
<stat pass="0" fail="1" skip="0">login</stat>
</tag>
<suite>
<stat pass="0" fail="1" skip="0" id="s1" name="Demoblaze">Demoblaze</stat>
</suite>
</statistics>
<errors>
</errors>
</robot>
