<?xml version="1.0" encoding="UTF-8"?>
<robot generator="Robot 5.0 (Python 3.9.6 on darwin)" generated="20250506 10:30:00.465" rpa="false" schemaversion="3">
<suite id="s1" name="Test" source="/Users/devicefarm/PycharmProjects/damoblaze/Test/Test.robot">
<test id="s1-t1" name="Demo_Python_Keyword" line="5">
<kw name="Add Two Numbers" library="MyLibrary">
<var>${result}</var>
<arg>3</arg>
<arg>5</arg>
<msg timestamp="20250506 10:30:00.475" level="TRACE">Arguments: [ '3' | '5' ]</msg>
<msg timestamp="20250506 10:30:00.475" level="TRACE">Return: 8</msg>
<msg timestamp="20250506 10:30:00.475" level="INFO">${result} = 8</msg>
<status status="PASS" starttime="20250506 10:30:00.475" endtime="20250506 10:30:00.475"/>
</kw>
<kw name="Log" library="BuiltIn">
<arg>The result is: ${result}</arg>
<doc>Logs the given message with the given level.</doc>
<msg timestamp="20250506 10:30:00.476" level="TRACE">Arguments: [ 'The result is: 8' ]</msg>
<msg timestamp="20250506 10:30:00.476" level="INFO">The result is: 8</msg>
<msg timestamp="20250506 10:30:00.476" level="TRACE">Return: None</msg>
<status status="PASS" starttime="20250506 10:30:00.476" endtime="20250506 10:30:00.476"/>
</kw>
<status status="PASS" starttime="20250506 10:30:00.475" endtime="20250506 10:30:00.476"/>
</test>
<status status="PASS" starttime="20250506 10:30:00.466" endtime="20250506 10:30:00.476"/>
</suite>
<statistics>
<total>
<stat pass="1" fail="0" skip="0">All Tests</stat>
</total>
<tag>
</tag>
<suite>
<stat pass="1" fail="0" skip="0" id="s1" name="Test">Test</stat>
</suite>
</statistics>
<errors>
</errors>
</robot>
